GROUP,PACKAGE,CLASS,INSTRUCTION_MISSED,INSTRUCTION_COVERED,BRANCH_MISSED,BRANCH_COVERED,LINE_MISSED,LINE_COVERED,COMPLEXITY_MISSED,COMPLEXITY_COVERED,METHOD_MISSED,METHOD_COVERED
Fulcrum Security Hibernate Impl/fulcrum-security-api,org.apache.fulcrum.security.model.turbine.entity,TurbineUserGroupRole,124,63,31,3,26,21,19,8,2,8
Fulcrum Security Hibernate Impl/fulcrum-security-api,org.apache.fulcrum.security.model.turbine.entity,TurbineRolePermissionoff,17,0,0,0,7,0,5,0,5,0
Fulcrum Security Hibernate Impl/fulcrum-security-api,org.apache.fulcrum.security.util,FulcrumSecurityException,0,9,0,0,0,4,0,2,0,2
Fulcrum Security Hibernate Impl/fulcrum-security-api,org.apache.fulcrum.security.util,EntityExistsException,0,4,0,0,0,2,0,1,0,1
Fulcrum Security Hibernate Impl/fulcrum-security-api,org.apache.fulcrum.security.util,UnknownEntityException,5,4,0,0,2,2,1,1,1,1
Fulcrum Security Hibernate Impl/fulcrum-security-api,org.apache.fulcrum.security.util,GroupSet,26,10,0,0,6,5,3,2,3,2
Fulcrum Security Hibernate Impl/fulcrum-security-api,org.apache.fulcrum.security.util,RoleSet,26,10,0,0,6,5,3,2,3,2
Fulcrum Security Hibernate Impl/fulcrum-security-api,org.apache.fulcrum.security.util,UserSet,26,10,0,0,6,5,3,2,3,2
Fulcrum Security Hibernate Impl/fulcrum-security-api,org.apache.fulcrum.security.util,DataBackendException,4,5,0,0,2,2,1,1,1,1
Fulcrum Security Hibernate Impl/fulcrum-security-api,org.apache.fulcrum.security.util,PermissionSet,26,10,0,0,6,5,3,2,3,2
Fulcrum Security Hibernate Impl/fulcrum-security-api,org.apache.fulcrum.security.util,PasswordMismatchException,0,4,0,0,0,2,0,1,0,1
Fulcrum Security Hibernate Impl/fulcrum-security-api,org.apache.fulcrum.security.util,SecuritySet,142,140,20,10,36,31,24,14,11,12
Fulcrum Security Hibernate Impl/fulcrum-security-api,org.apache.fulcrum.security.model.turbine.entity.impl,AbstractTurbineSecurityEntityImpl,0,27,0,0,0,9,0,5,0,5
Fulcrum Security Hibernate Impl/fulcrum-security-api,org.apache.fulcrum.security.model.turbine.entity.impl,TurbinePermissionImpl,16,42,3,1,5,12,3,6,1,6
Fulcrum Security Hibernate Impl/fulcrum-security-api,org.apache.fulcrum.security.model.turbine.entity.impl,TurbineGroupImpl,0,3,0,0,0,1,0,1,0,1
Fulcrum Security Hibernate Impl/fulcrum-security-api,org.apache.fulcrum.security.model.turbine.entity.impl,TurbineUserImpl,0,60,0,0,0,22,0,12,0,12
Fulcrum Security Hibernate Impl/fulcrum-security-api,org.apache.fulcrum.security.model.turbine.entity.impl,TurbineRoleImpl,12,46,2,2,4,13,2,7,1,6
Fulcrum Security Hibernate Impl/fulcrum-security-api,org.apache.fulcrum.security.model.basic,BasicACLFactory,15,21,0,0,4,7,0,3,0,3
Fulcrum Security Hibernate Impl/fulcrum-security-api,org.apache.fulcrum.security.model.basic,BasicAccessControlListImpl,11,16,0,0,4,5,2,2,2,2
Fulcrum Security Hibernate Impl/fulcrum-security-api,org.apache.fulcrum.security.acl,AccessControlException,4,0,0,0,2,0,1,0,1,0
Fulcrum Security Hibernate Impl/fulcrum-security-api,org.apache.fulcrum.security.spi,AbstractGroupManager,50,54,5,3,11,13,5,6,2,5
Fulcrum Security Hibernate Impl/fulcrum-security-api,org.apache.fulcrum.security.spi,AbstractManager,35,114,0,10,9,36,1,14,1,9
Fulcrum Security Hibernate Impl/fulcrum-security-api,org.apache.fulcrum.security.spi,AbstractRoleManager,47,65,4,4,10,17,4,7,1,6
Fulcrum Security Hibernate Impl/fulcrum-security-api,org.apache.fulcrum.security.spi,AbstractPermissionManager,39,65,4,4,10,17,4,7,1,6
Fulcrum Security Hibernate Impl/fulcrum-security-api,org.apache.fulcrum.security.spi,AbstractUserManager,112,129,8,12,16,33,8,15,2,11
Fulcrum Security Hibernate Impl/fulcrum-security-api,org.apache.fulcrum.security.spi,AbstractEntityManager,4,13,0,0,2,4,1,3,1,3
Fulcrum Security Hibernate Impl/fulcrum-security-api,org.apache.fulcrum.security.model.dynamic,DynamicAccessControlListImpl,301,94,52,4,83,21,41,5,15,3
Fulcrum Security Hibernate Impl/fulcrum-security-api,org.apache.fulcrum.security.model.dynamic,DynamicACLFactory,15,124,0,10,4,29,0,10,0,5
Fulcrum Security Hibernate Impl/fulcrum-security-api,org.apache.fulcrum.security.model.dynamic,AbstractDynamicModelManager,107,208,10,16,12,41,9,11,1,6
Fulcrum Security Hibernate Impl/fulcrum-security-api,org.apache.fulcrum.security.model.dynamic.entity.impl,DynamicUserImpl,0,27,0,0,0,9,0,5,0,5
Fulcrum Security Hibernate Impl/fulcrum-security-api,org.apache.fulcrum.security.model.dynamic.entity.impl,DynamicPermissionImpl,12,46,2,2,4,13,2,7,1,6
Fulcrum Security Hibernate Impl/fulcrum-security-api,org.apache.fulcrum.security.model.dynamic.entity.impl,DynamicGroupImpl,12,46,2,2,4,13,2,7,1,6
Fulcrum Security Hibernate Impl/fulcrum-security-api,org.apache.fulcrum.security.model.dynamic.entity.impl,DynamicRoleImpl,28,85,5,3,9,24,5,12,2,11
Fulcrum Security Hibernate Impl/fulcrum-security-api,org.apache.fulcrum.security.model.turbine,TurbineAccessControlListImpl,282,164,42,16,64,40,40,9,13,7
Fulcrum Security Hibernate Impl/fulcrum-security-api,org.apache.fulcrum.security.model.turbine,TurbineACLFactory,84,35,4,0,26,13,3,3,1,3
Fulcrum Security Hibernate Impl/fulcrum-security-api,org.apache.fulcrum.security.model.turbine,TurbineModelManager.Privilege,34,0,0,0,2,0,1,0,1,0
Fulcrum Security Hibernate Impl/fulcrum-security-api,org.apache.fulcrum.security.model.turbine,AbstractTurbineModelManager,126,123,9,7,18,32,7,9,1,7
Fulcrum Security Hibernate Impl/fulcrum-security-api,org.apache.fulcrum.security.model.basic.entity.impl,BasicUserImpl,12,66,2,2,4,17,2,10,1,9
Fulcrum Security Hibernate Impl/fulcrum-security-api,org.apache.fulcrum.security.model.basic.entity.impl,BasicGroupImpl,12,46,2,2,4,13,2,7,1,6
Fulcrum Security Hibernate Impl/fulcrum-security-api,org.apache.fulcrum.security.entity.impl,SecurityEntityImpl,6,79,3,5,2,17,3,9,0,8
Fulcrum Security Hibernate Impl/fulcrum-security-api,org.apache.fulcrum.security.model,ACLFactory,0,4,0,0,0,1,0,1,0,1
Fulcrum Security Hibernate Impl/fulcrum-security-api,org.apache.fulcrum.security.authenticator,NoOpAuthenticator,0,5,0,0,0,2,0,2,0,2
Fulcrum Security Hibernate Impl/fulcrum-security-api,org.apache.fulcrum.security.authenticator,Authenticator,0,4,0,0,0,1,0,1,0,1
Fulcrum Security Hibernate Impl/fulcrum-security-api,org.apache.fulcrum.security.authenticator,CryptoAuthenticator,16,52,0,0,4,14,0,5,0,5
Fulcrum Security Hibernate Impl/fulcrum-security-api,org.apache.fulcrum.security.authenticator,TextMatchAuthenticator,6,21,3,3,1,5,3,2,0,2
Fulcrum Security Hibernate Impl/fulcrum-security-api,org.apache.fulcrum.security,PermissionManager,0,4,0,0,0,1,0,1,0,1
Fulcrum Security Hibernate Impl/fulcrum-security-api,org.apache.fulcrum.security,UserManager,0,4,0,0,0,1,0,1,0,1
Fulcrum Security Hibernate Impl/fulcrum-security-api,org.apache.fulcrum.security,ModelManager,0,4,0,0,0,1,0,1,0,1
Fulcrum Security Hibernate Impl/fulcrum-security-api,org.apache.fulcrum.security,BaseSecurityService,69,111,0,10,17,35,1,13,1,8
Fulcrum Security Hibernate Impl/fulcrum-security-api,org.apache.fulcrum.security,SecurityService,0,4,0,0,0,1,0,1,0,1
Fulcrum Security Hibernate Impl/fulcrum-security-api,org.apache.fulcrum.security,RoleManager,0,4,0,0,0,1,0,1,0,1
Fulcrum Security Hibernate Impl/fulcrum-security-api,org.apache.fulcrum.security,GroupManager,0,4,0,0,0,1,0,1,0,1
