<?xml version="1.0" encoding="UTF-8" standalone="yes"?><!DOCTYPE report PUBLIC "-//JACOCO//DTD Report 1.1//EN" "report.dtd"><report name="Fulcrum Security Memory Impl"><sessioninfo id="CEDIS144-f28c230" start="1636018434211" dump="1636018436342"/><sessioninfo id="CEDIS144-560dc9f0" start="1636018437209" dump="1636018439224"/><sessioninfo id="CEDIS144-a3f68540" start="1636018440097" dump="1636018441943"/><sessioninfo id="CEDIS144-5c12fe01" start="1636018442794" dump="1636018444690"/><sessioninfo id="CEDIS144-21c292cf" start="1636018445545" dump="1636018447561"/><sessioninfo id="CEDIS144-f4a13d95" start="1636018448411" dump="1636018450340"/><sessioninfo id="CEDIS144-51c7419" start="1636018451213" dump="1636018453425"/><sessioninfo id="CEDIS144-6e0bd147" start="1636018454293" dump="1636018456335"/><sessioninfo id="CEDIS144-86d15221" start="1636018457213" dump="1636018459409"/><sessioninfo id="CEDIS144-15518997" start="1636018460306" dump="1636018462648"/><sessioninfo id="CEDIS144-1c162d1e" start="1636018463532" dump="1636018465544"/><sessioninfo id="CEDIS144-86b09535" start="1636018466430" dump="1636018468195"/><sessioninfo id="CEDIS144-bacd432c" start="1636029374538" dump="1636029376820"/><sessioninfo id="CEDIS144-8047a781" start="1636029377825" dump="1636029379982"/><sessioninfo id="CEDIS144-333942d4" start="1636029380843" dump="1636029382588"/><sessioninfo id="CEDIS144-c842e865" start="1636029383466" dump="1636029385491"/><sessioninfo id="CEDIS144-9d9400e8" start="1636029386380" dump="1636029388394"/><sessioninfo id="CEDIS144-15afefd5" start="1636029389248" dump="1636029391184"/><sessioninfo id="CEDIS144-4c48b4a3" start="1636029392056" dump="1636029394026"/><sessioninfo id="CEDIS144-d34eea13" start="1636029394906" dump="1636029396882"/><sessioninfo id="CEDIS144-29fa4e31" start="1636029397760" dump="1636029399722"/><sessioninfo id="CEDIS144-22a185cf" start="1636029400587" dump="1636029402650"/><sessioninfo id="CEDIS144-947f5326" start="1636029403542" dump="1636029405385"/><sessioninfo id="CEDIS144-7c4eea53" start="1636029406260" dump="1636029408143"/><package name="org/apache/fulcrum/security/memory/basic"><class name="org/apache/fulcrum/security/memory/basic/MemoryModelManagerImpl" sourcefilename="MemoryModelManagerImpl.java"><method name="&lt;init&gt;" desc="()V" line="38"><counter type="INSTRUCTION" missed="0" covered="3"/><counter type="LINE" missed="0" covered="1"/><counter type="COMPLEXITY" missed="0" covered="1"/><counter type="METHOD" missed="0" covered="1"/></method><method name="grant" desc="(Lorg/apache/fulcrum/security/entity/User;Lorg/apache/fulcrum/security/entity/Group;)V" line="54"><counter type="INSTRUCTION" missed="43" covered="27"/><counter type="BRANCH" missed="6" covered="2"/><counter type="LINE" missed="8" covered="8"/><counter type="COMPLEXITY" missed="4" covered="1"/><counter type="METHOD" missed="0" covered="1"/></method><method name="revoke" desc="(Lorg/apache/fulcrum/security/entity/User;Lorg/apache/fulcrum/security/entity/Group;)V" line="97"><counter type="INSTRUCTION" missed="43" covered="27"/><counter type="BRANCH" missed="6" covered="2"/><counter type="LINE" missed="8" covered="8"/><counter type="COMPLEXITY" missed="4" covered="1"/><counter type="METHOD" missed="0" covered="1"/></method><method name="revokeAll" desc="(Lorg/apache/fulcrum/security/entity/User;)V" line="139"><counter type="INSTRUCTION" missed="31" covered="33"/><counter type="BRANCH" missed="1" covered="3"/><counter type="LINE" missed="4" covered="8"/><counter type="COMPLEXITY" missed="1" covered="2"/><counter type="METHOD" missed="0" covered="1"/></method><counter type="INSTRUCTION" missed="117" covered="90"/><counter type="BRANCH" missed="13" covered="7"/><counter type="LINE" missed="20" covered="25"/><counter type="COMPLEXITY" missed="9" covered="5"/><counter type="METHOD" missed="0" covered="4"/><counter type="CLASS" missed="0" covered="1"/></class><sourcefile name="MemoryModelManagerImpl.java"><line nr="38" mi="0" ci="3" mb="0" cb="0"/><line nr="54" mi="0" ci="2" mb="0" cb="0"/><line nr="55" mi="0" ci="2" mb="0" cb="0"/><line nr="58" mi="0" ci="5" mb="0" cb="0"/><line nr="59" mi="0" ci="5" mb="0" cb="0"/><line nr="60" mi="0" ci="4" mb="2" cb="2"/><line nr="62" mi="0" ci="4" mb="0" cb="0"/><line nr="63" mi="0" ci="4" mb="0" cb="0"/><line nr="64" mi="0" ci="1" mb="0" cb="0"/><line nr="67" mi="1" ci="0" mb="0" cb="0"/><line nr="69" mi="6" ci="0" mb="0" cb="0"/><line nr="70" mi="1" ci="0" mb="0" cb="0"/><line nr="72" mi="2" ci="0" mb="2" cb="0"/><line nr="74" mi="15" ci="0" mb="0" cb="0"/><line nr="76" mi="2" ci="0" mb="2" cb="0"/><line nr="78" mi="15" ci="0" mb="0" cb="0"/><line nr="80" mi="1" ci="0" mb="0" cb="0"/><line nr="97" mi="0" ci="2" mb="0" cb="0"/><line nr="98" mi="0" ci="2" mb="0" cb="0"/><line nr="101" mi="0" ci="5" mb="0" cb="0"/><line nr="102" mi="0" ci="5" mb="0" cb="0"/><line nr="103" mi="0" ci="4" mb="2" cb="2"/><line nr="105" mi="0" ci="4" mb="0" cb="0"/><line nr="106" mi="0" ci="4" mb="0" cb="0"/><line nr="107" mi="0" ci="1" mb="0" cb="0"/><line nr="110" mi="1" ci="0" mb="0" cb="0"/><line nr="112" mi="6" ci="0" mb="0" cb="0"/><line nr="113" mi="1" ci="0" mb="0" cb="0"/><line nr="115" mi="2" ci="0" mb="2" cb="0"/><line nr="117" mi="15" ci="0" mb="0" cb="0"/><line nr="119" mi="2" ci="0" mb="2" cb="0"/><line nr="121" mi="15" ci="0" mb="0" cb="0"/><line nr="123" mi="1" ci="0" mb="0" cb="0"/><line nr="139" mi="0" ci="2" mb="0" cb="0"/><line nr="142" mi="0" ci="5" mb="0" cb="0"/><line nr="143" mi="0" ci="2" mb="1" cb="1"/><line nr="145" mi="0" ci="12" mb="0" cb="2"/><line nr="147" mi="0" ci="4" mb="0" cb="0"/><line nr="148" mi="0" ci="1" mb="0" cb="0"/><line nr="149" mi="0" ci="6" mb="0" cb="0"/><line nr="150" mi="0" ci="1" mb="0" cb="0"/><line nr="153" mi="1" ci="0" mb="0" cb="0"/><line nr="155" mi="14" ci="0" mb="0" cb="0"/><line nr="156" mi="1" ci="0" mb="0" cb="0"/><line nr="158" mi="15" ci="0" mb="0" cb="0"/><counter type="INSTRUCTION" missed="117" covered="90"/><counter type="BRANCH" missed="13" covered="7"/><counter type="LINE" missed="20" covered="25"/><counter type="COMPLEXITY" missed="9" covered="5"/><counter type="METHOD" missed="0" covered="4"/><counter type="CLASS" missed="0" covered="1"/></sourcefile><counter type="INSTRUCTION" missed="117" covered="90"/><counter type="BRANCH" missed="13" covered="7"/><counter type="LINE" missed="20" covered="25"/><counter type="COMPLEXITY" missed="9" covered="5"/><counter type="METHOD" missed="0" covered="4"/><counter type="CLASS" missed="0" covered="1"/></package><package name="org/apache/fulcrum/security/memory/turbine"><class name="org/apache/fulcrum/security/memory/turbine/MemoryTurbineUserManagerImpl" sourcefilename="MemoryTurbineUserManagerImpl.java"><method name="&lt;init&gt;" desc="()V" line="37"><counter type="INSTRUCTION" missed="0" covered="3"/><counter type="LINE" missed="0" covered="1"/><counter type="COMPLEXITY" missed="0" covered="1"/><counter type="METHOD" missed="0" covered="1"/></method><method name="getAnonymousUser" desc="()Lorg/apache/fulcrum/security/entity/User;" line="52"><counter type="INSTRUCTION" missed="16" covered="0"/><counter type="LINE" missed="6" covered="0"/><counter type="COMPLEXITY" missed="1" covered="0"/><counter type="METHOD" missed="1" covered="0"/></method><method name="isAnonymousUser" desc="(Lorg/apache/fulcrum/security/entity/User;)Z" line="72"><counter type="INSTRUCTION" missed="23" covered="0"/><counter type="BRANCH" missed="6" covered="0"/><counter type="LINE" missed="8" covered="0"/><counter type="COMPLEXITY" missed="4" covered="0"/><counter type="METHOD" missed="1" covered="0"/></method><counter type="INSTRUCTION" missed="39" covered="3"/><counter type="BRANCH" missed="6" covered="0"/><counter type="LINE" missed="14" covered="1"/><counter type="COMPLEXITY" missed="5" covered="1"/><counter type="METHOD" missed="2" covered="1"/><counter type="CLASS" missed="0" covered="1"/></class><class name="org/apache/fulcrum/security/memory/turbine/MemoryTurbineModelManagerImpl" sourcefilename="MemoryTurbineModelManagerImpl.java"><method name="&lt;init&gt;" desc="()V" line="43"><counter type="INSTRUCTION" missed="0" covered="3"/><counter type="LINE" missed="0" covered="1"/><counter type="COMPLEXITY" missed="0" covered="1"/><counter type="METHOD" missed="0" covered="1"/></method><method name="grant" desc="(Lorg/apache/fulcrum/security/entity/Role;Lorg/apache/fulcrum/security/entity/Permission;)V" line="59"><counter type="INSTRUCTION" missed="43" covered="27"/><counter type="BRANCH" missed="6" covered="2"/><counter type="LINE" missed="8" covered="8"/><counter type="COMPLEXITY" missed="4" covered="1"/><counter type="METHOD" missed="0" covered="1"/></method><method name="revoke" desc="(Lorg/apache/fulcrum/security/entity/Role;Lorg/apache/fulcrum/security/entity/Permission;)V" line="101"><counter type="INSTRUCTION" missed="43" covered="27"/><counter type="BRANCH" missed="6" covered="2"/><counter type="LINE" missed="8" covered="8"/><counter type="COMPLEXITY" missed="4" covered="1"/><counter type="METHOD" missed="0" covered="1"/></method><method name="grant" desc="(Lorg/apache/fulcrum/security/entity/User;Lorg/apache/fulcrum/security/entity/Group;Lorg/apache/fulcrum/security/entity/Role;)V" line="131"><counter type="INSTRUCTION" missed="60" covered="53"/><counter type="BRANCH" missed="9" covered="3"/><counter type="LINE" missed="10" covered="15"/><counter type="COMPLEXITY" missed="6" covered="1"/><counter type="METHOD" missed="0" covered="1"/></method><method name="revoke" desc="(Lorg/apache/fulcrum/security/entity/User;Lorg/apache/fulcrum/security/entity/Group;Lorg/apache/fulcrum/security/entity/Role;)V" line="173"><counter type="INSTRUCTION" missed="66" covered="74"/><counter type="BRANCH" missed="14" covered="8"/><counter type="LINE" missed="12" covered="17"/><counter type="COMPLEXITY" missed="11" covered="1"/><counter type="METHOD" missed="0" covered="1"/></method><method name="replace" desc="(Lorg/apache/fulcrum/security/entity/User;Lorg/apache/fulcrum/security/entity/Role;Lorg/apache/fulcrum/security/entity/Role;)V" line="229"><counter type="INSTRUCTION" missed="0" covered="14"/><counter type="LINE" missed="0" covered="4"/><counter type="COMPLEXITY" missed="0" covered="1"/><counter type="METHOD" missed="0" covered="1"/></method><counter type="INSTRUCTION" missed="212" covered="198"/><counter type="BRANCH" missed="35" covered="15"/><counter type="LINE" missed="38" covered="53"/><counter type="COMPLEXITY" missed="25" covered="6"/><counter type="METHOD" missed="0" covered="6"/><counter type="CLASS" missed="0" covered="1"/></class><sourcefile name="MemoryTurbineModelManagerImpl.java"><line nr="43" mi="0" ci="3" mb="0" cb="0"/><line nr="59" mi="0" ci="2" mb="0" cb="0"/><line nr="60" mi="0" ci="2" mb="0" cb="0"/><line nr="63" mi="0" ci="5" mb="0" cb="0"/><line nr="64" mi="0" ci="5" mb="0" cb="0"/><line nr="65" mi="0" ci="4" mb="2" cb="2"/><line nr="67" mi="0" ci="4" mb="0" cb="0"/><line nr="68" mi="0" ci="4" mb="0" cb="0"/><line nr="69" mi="0" ci="1" mb="0" cb="0"/><line nr="72" mi="1" ci="0" mb="0" cb="0"/><line nr="74" mi="6" ci="0" mb="0" cb="0"/><line nr="75" mi="1" ci="0" mb="0" cb="0"/><line nr="77" mi="2" ci="0" mb="2" cb="0"/><line nr="79" mi="15" ci="0" mb="0" cb="0"/><line nr="81" mi="2" ci="0" mb="2" cb="0"/><line nr="83" mi="15" ci="0" mb="0" cb="0"/><line nr="85" mi="1" ci="0" mb="0" cb="0"/><line nr="101" mi="0" ci="2" mb="0" cb="0"/><line nr="102" mi="0" ci="2" mb="0" cb="0"/><line nr="105" mi="0" ci="5" mb="0" cb="0"/><line nr="106" mi="0" ci="5" mb="0" cb="0"/><line nr="107" mi="0" ci="4" mb="2" cb="2"/><line nr="109" mi="0" ci="4" mb="0" cb="0"/><line nr="110" mi="0" ci="4" mb="0" cb="0"/><line nr="111" mi="0" ci="1" mb="0" cb="0"/><line nr="114" mi="1" ci="0" mb="0" cb="0"/><line nr="116" mi="6" ci="0" mb="0" cb="0"/><line nr="117" mi="1" ci="0" mb="0" cb="0"/><line nr="119" mi="2" ci="0" mb="2" cb="0"/><line nr="121" mi="15" ci="0" mb="0" cb="0"/><line nr="123" mi="2" ci="0" mb="2" cb="0"/><line nr="125" mi="15" ci="0" mb="0" cb="0"/><line nr="127" mi="1" ci="0" mb="0" cb="0"/><line nr="131" mi="0" ci="2" mb="0" cb="0"/><line nr="132" mi="0" ci="2" mb="0" cb="0"/><line nr="133" mi="0" ci="2" mb="0" cb="0"/><line nr="136" mi="0" ci="5" mb="0" cb="0"/><line nr="137" mi="0" ci="5" mb="0" cb="0"/><line nr="138" mi="0" ci="5" mb="0" cb="0"/><line nr="139" mi="0" ci="6" mb="3" cb="3"/><line nr="141" mi="0" ci="4" mb="0" cb="0"/><line nr="142" mi="0" ci="3" mb="0" cb="0"/><line nr="143" mi="0" ci="3" mb="0" cb="0"/><line nr="144" mi="0" ci="3" mb="0" cb="0"/><line nr="145" mi="0" ci="4" mb="0" cb="0"/><line nr="146" mi="0" ci="4" mb="0" cb="0"/><line nr="147" mi="0" ci="4" mb="0" cb="0"/><line nr="148" mi="0" ci="1" mb="0" cb="0"/><line nr="151" mi="1" ci="0" mb="0" cb="0"/><line nr="153" mi="6" ci="0" mb="0" cb="0"/><line nr="154" mi="1" ci="0" mb="0" cb="0"/><line nr="156" mi="2" ci="0" mb="2" cb="0"/><line nr="158" mi="15" ci="0" mb="0" cb="0"/><line nr="160" mi="2" ci="0" mb="2" cb="0"/><line nr="162" mi="15" ci="0" mb="0" cb="0"/><line nr="164" mi="2" ci="0" mb="2" cb="0"/><line nr="166" mi="15" ci="0" mb="0" cb="0"/><line nr="169" mi="1" ci="0" mb="0" cb="0"/><line nr="173" mi="0" ci="2" mb="0" cb="0"/><line nr="174" mi="0" ci="2" mb="0" cb="0"/><line nr="175" mi="0" ci="2" mb="0" cb="0"/><line nr="178" mi="0" ci="5" mb="0" cb="0"/><line nr="179" mi="0" ci="5" mb="0" cb="0"/><line nr="180" mi="0" ci="5" mb="0" cb="0"/><line nr="181" mi="0" ci="6" mb="3" cb="3"/><line nr="183" mi="0" ci="2" mb="0" cb="0"/><line nr="184" mi="0" ci="12" mb="1" cb="1"/><line nr="186" mi="0" ci="15" mb="3" cb="3"/><line nr="188" mi="0" ci="2" mb="0" cb="0"/><line nr="190" mi="0" ci="4" mb="0" cb="0"/><line nr="191" mi="0" ci="4" mb="0" cb="0"/><line nr="192" mi="0" ci="4" mb="0" cb="0"/><line nr="194" mi="0" ci="1" mb="0" cb="0"/><line nr="196" mi="1" ci="0" mb="0" cb="0"/><line nr="197" mi="0" ci="2" mb="1" cb="1"/><line nr="199" mi="5" ci="0" mb="0" cb="0"/><line nr="202" mi="0" ci="1" mb="0" cb="0"/><line nr="205" mi="1" ci="0" mb="0" cb="0"/><line nr="207" mi="6" ci="0" mb="0" cb="0"/><line nr="208" mi="1" ci="0" mb="0" cb="0"/><line nr="210" mi="2" ci="0" mb="2" cb="0"/><line nr="212" mi="15" ci="0" mb="0" cb="0"/><line nr="214" mi="2" ci="0" mb="2" cb="0"/><line nr="216" mi="15" ci="0" mb="0" cb="0"/><line nr="218" mi="2" ci="0" mb="2" cb="0"/><line nr="220" mi="15" ci="0" mb="0" cb="0"/><line nr="223" mi="1" ci="0" mb="0" cb="0"/><line nr="229" mi="0" ci="3" mb="0" cb="0"/><line nr="230" mi="0" ci="5" mb="0" cb="0"/><line nr="231" mi="0" ci="5" mb="0" cb="0"/><line nr="232" mi="0" ci="1" mb="0" cb="0"/><counter type="INSTRUCTION" missed="212" covered="198"/><counter type="BRANCH" missed="35" covered="15"/><counter type="LINE" missed="38" covered="53"/><counter type="COMPLEXITY" missed="25" covered="6"/><counter type="METHOD" missed="0" covered="6"/><counter type="CLASS" missed="0" covered="1"/></sourcefile><sourcefile name="MemoryTurbineUserManagerImpl.java"><line nr="37" mi="0" ci="3" mb="0" cb="0"/><line nr="52" mi="3" ci="0" mb="0" cb="0"/><line nr="53" mi="1" ci="0" mb="0" cb="0"/><line nr="54" mi="6" ci="0" mb="0" cb="0"/><line nr="55" mi="1" ci="0" mb="0" cb="0"/><line nr="57" mi="3" ci="0" mb="0" cb="0"/><line nr="58" mi="2" ci="0" mb="0" cb="0"/><line nr="72" mi="2" ci="0" mb="0" cb="0"/><line nr="73" mi="2" ci="0" mb="2" cb="0"/><line nr="74" mi="3" ci="0" mb="0" cb="0"/><line nr="76" mi="4" ci="0" mb="2" cb="0"/><line nr="77" mi="3" ci="0" mb="0" cb="0"/><line nr="81" mi="5" ci="0" mb="2" cb="0"/><line nr="82" mi="2" ci="0" mb="0" cb="0"/><line nr="85" mi="2" ci="0" mb="0" cb="0"/><counter type="INSTRUCTION" missed="39" covered="3"/><counter type="BRANCH" missed="6" covered="0"/><counter type="LINE" missed="14" covered="1"/><counter type="COMPLEXITY" missed="5" covered="1"/><counter type="METHOD" missed="2" covered="1"/><counter type="CLASS" missed="0" covered="1"/></sourcefile><counter type="INSTRUCTION" missed="251" covered="201"/><counter type="BRANCH" missed="41" covered="15"/><counter type="LINE" missed="52" covered="54"/><counter type="COMPLEXITY" missed="30" covered="7"/><counter type="METHOD" missed="2" covered="7"/><counter type="CLASS" missed="0" covered="2"/></package><package name="org/apache/fulcrum/security/memory/dynamic"><class name="org/apache/fulcrum/security/memory/dynamic/MemoryModelManagerImpl" sourcefilename="MemoryModelManagerImpl.java"><method name="&lt;init&gt;" desc="()V" line="41"><counter type="INSTRUCTION" missed="0" covered="3"/><counter type="LINE" missed="0" covered="1"/><counter type="COMPLEXITY" missed="0" covered="1"/><counter type="METHOD" missed="0" covered="1"/></method><method name="grant" desc="(Lorg/apache/fulcrum/security/entity/User;Lorg/apache/fulcrum/security/entity/Group;)V" line="54"><counter type="INSTRUCTION" missed="43" covered="27"/><counter type="BRANCH" missed="6" covered="2"/><counter type="LINE" missed="8" covered="8"/><counter type="COMPLEXITY" missed="4" covered="1"/><counter type="METHOD" missed="0" covered="1"/></method><method name="revoke" desc="(Lorg/apache/fulcrum/security/entity/User;Lorg/apache/fulcrum/security/entity/Group;)V" line="86"><counter type="INSTRUCTION" missed="43" covered="27"/><counter type="BRANCH" missed="6" covered="2"/><counter type="LINE" missed="8" covered="8"/><counter type="COMPLEXITY" missed="4" covered="1"/><counter type="METHOD" missed="0" covered="1"/></method><method name="grant" desc="(Lorg/apache/fulcrum/security/entity/Group;Lorg/apache/fulcrum/security/entity/Role;)V" line="118"><counter type="INSTRUCTION" missed="43" covered="27"/><counter type="BRANCH" missed="6" covered="2"/><counter type="LINE" missed="8" covered="8"/><counter type="COMPLEXITY" missed="4" covered="1"/><counter type="METHOD" missed="0" covered="1"/></method><method name="revoke" desc="(Lorg/apache/fulcrum/security/entity/Group;Lorg/apache/fulcrum/security/entity/Role;)V" line="149"><counter type="INSTRUCTION" missed="43" covered="27"/><counter type="BRANCH" missed="6" covered="2"/><counter type="LINE" missed="8" covered="8"/><counter type="COMPLEXITY" missed="4" covered="1"/><counter type="METHOD" missed="0" covered="1"/></method><method name="grant" desc="(Lorg/apache/fulcrum/security/entity/Role;Lorg/apache/fulcrum/security/entity/Permission;)V" line="182"><counter type="INSTRUCTION" missed="43" covered="27"/><counter type="BRANCH" missed="6" covered="2"/><counter type="LINE" missed="8" covered="8"/><counter type="COMPLEXITY" missed="4" covered="1"/><counter type="METHOD" missed="0" covered="1"/></method><method name="revoke" desc="(Lorg/apache/fulcrum/security/entity/Role;Lorg/apache/fulcrum/security/entity/Permission;)V" line="215"><counter type="INSTRUCTION" missed="43" covered="27"/><counter type="BRANCH" missed="6" covered="2"/><counter type="LINE" missed="8" covered="8"/><counter type="COMPLEXITY" missed="4" covered="1"/><counter type="METHOD" missed="0" covered="1"/></method><counter type="INSTRUCTION" missed="258" covered="165"/><counter type="BRANCH" missed="36" covered="12"/><counter type="LINE" missed="48" covered="49"/><counter type="COMPLEXITY" missed="24" covered="7"/><counter type="METHOD" missed="0" covered="7"/><counter type="CLASS" missed="0" covered="1"/></class><sourcefile name="MemoryModelManagerImpl.java"><line nr="41" mi="0" ci="3" mb="0" cb="0"/><line nr="54" mi="0" ci="2" mb="0" cb="0"/><line nr="55" mi="0" ci="2" mb="0" cb="0"/><line nr="57" mi="0" ci="5" mb="0" cb="0"/><line nr="58" mi="0" ci="5" mb="0" cb="0"/><line nr="59" mi="0" ci="4" mb="2" cb="2"/><line nr="60" mi="0" ci="4" mb="0" cb="0"/><line nr="61" mi="0" ci="4" mb="0" cb="0"/><line nr="62" mi="0" ci="1" mb="0" cb="0"/><line nr="64" mi="1" ci="0" mb="0" cb="0"/><line nr="65" mi="6" ci="0" mb="0" cb="0"/><line nr="66" mi="1" ci="0" mb="0" cb="0"/><line nr="68" mi="2" ci="0" mb="2" cb="0"/><line nr="69" mi="15" ci="0" mb="0" cb="0"/><line nr="71" mi="2" ci="0" mb="2" cb="0"/><line nr="72" mi="15" ci="0" mb="0" cb="0"/><line nr="74" mi="1" ci="0" mb="0" cb="0"/><line nr="86" mi="0" ci="2" mb="0" cb="0"/><line nr="87" mi="0" ci="2" mb="0" cb="0"/><line nr="89" mi="0" ci="5" mb="0" cb="0"/><line nr="90" mi="0" ci="5" mb="0" cb="0"/><line nr="91" mi="0" ci="4" mb="2" cb="2"/><line nr="92" mi="0" ci="4" mb="0" cb="0"/><line nr="93" mi="0" ci="4" mb="0" cb="0"/><line nr="94" mi="0" ci="1" mb="0" cb="0"/><line nr="96" mi="1" ci="0" mb="0" cb="0"/><line nr="97" mi="6" ci="0" mb="0" cb="0"/><line nr="98" mi="1" ci="0" mb="0" cb="0"/><line nr="100" mi="2" ci="0" mb="2" cb="0"/><line nr="101" mi="15" ci="0" mb="0" cb="0"/><line nr="103" mi="2" ci="0" mb="2" cb="0"/><line nr="104" mi="15" ci="0" mb="0" cb="0"/><line nr="106" mi="1" ci="0" mb="0" cb="0"/><line nr="118" mi="0" ci="2" mb="0" cb="0"/><line nr="119" mi="0" ci="2" mb="0" cb="0"/><line nr="121" mi="0" ci="5" mb="0" cb="0"/><line nr="122" mi="0" ci="5" mb="0" cb="0"/><line nr="123" mi="0" ci="4" mb="2" cb="2"/><line nr="124" mi="0" ci="4" mb="0" cb="0"/><line nr="125" mi="0" ci="4" mb="0" cb="0"/><line nr="126" mi="0" ci="1" mb="0" cb="0"/><line nr="128" mi="1" ci="0" mb="0" cb="0"/><line nr="129" mi="6" ci="0" mb="0" cb="0"/><line nr="130" mi="1" ci="0" mb="0" cb="0"/><line nr="131" mi="2" ci="0" mb="2" cb="0"/><line nr="132" mi="15" ci="0" mb="0" cb="0"/><line nr="134" mi="2" ci="0" mb="2" cb="0"/><line nr="135" mi="15" ci="0" mb="0" cb="0"/><line nr="137" mi="1" ci="0" mb="0" cb="0"/><line nr="149" mi="0" ci="2" mb="0" cb="0"/><line nr="150" mi="0" ci="2" mb="0" cb="0"/><line nr="152" mi="0" ci="5" mb="0" cb="0"/><line nr="153" mi="0" ci="5" mb="0" cb="0"/><line nr="154" mi="0" ci="4" mb="2" cb="2"/><line nr="155" mi="0" ci="4" mb="0" cb="0"/><line nr="156" mi="0" ci="4" mb="0" cb="0"/><line nr="157" mi="0" ci="1" mb="0" cb="0"/><line nr="159" mi="1" ci="0" mb="0" cb="0"/><line nr="160" mi="6" ci="0" mb="0" cb="0"/><line nr="161" mi="1" ci="0" mb="0" cb="0"/><line nr="163" mi="2" ci="0" mb="2" cb="0"/><line nr="164" mi="15" ci="0" mb="0" cb="0"/><line nr="166" mi="2" ci="0" mb="2" cb="0"/><line nr="167" mi="15" ci="0" mb="0" cb="0"/><line nr="169" mi="1" ci="0" mb="0" cb="0"/><line nr="182" mi="0" ci="2" mb="0" cb="0"/><line nr="183" mi="0" ci="2" mb="0" cb="0"/><line nr="185" mi="0" ci="5" mb="0" cb="0"/><line nr="186" mi="0" ci="5" mb="0" cb="0"/><line nr="187" mi="0" ci="4" mb="2" cb="2"/><line nr="188" mi="0" ci="4" mb="0" cb="0"/><line nr="189" mi="0" ci="4" mb="0" cb="0"/><line nr="190" mi="0" ci="1" mb="0" cb="0"/><line nr="192" mi="1" ci="0" mb="0" cb="0"/><line nr="193" mi="6" ci="0" mb="0" cb="0"/><line nr="194" mi="1" ci="0" mb="0" cb="0"/><line nr="196" mi="2" ci="0" mb="2" cb="0"/><line nr="197" mi="15" ci="0" mb="0" cb="0"/><line nr="199" mi="2" ci="0" mb="2" cb="0"/><line nr="200" mi="15" ci="0" mb="0" cb="0"/><line nr="202" mi="1" ci="0" mb="0" cb="0"/><line nr="215" mi="0" ci="2" mb="0" cb="0"/><line nr="216" mi="0" ci="2" mb="0" cb="0"/><line nr="218" mi="0" ci="5" mb="0" cb="0"/><line nr="219" mi="0" ci="5" mb="0" cb="0"/><line nr="220" mi="0" ci="4" mb="2" cb="2"/><line nr="221" mi="0" ci="4" mb="0" cb="0"/><line nr="222" mi="0" ci="4" mb="0" cb="0"/><line nr="223" mi="0" ci="1" mb="0" cb="0"/><line nr="225" mi="1" ci="0" mb="0" cb="0"/><line nr="226" mi="6" ci="0" mb="0" cb="0"/><line nr="227" mi="1" ci="0" mb="0" cb="0"/><line nr="229" mi="2" ci="0" mb="2" cb="0"/><line nr="230" mi="15" ci="0" mb="0" cb="0"/><line nr="232" mi="2" ci="0" mb="2" cb="0"/><line nr="233" mi="15" ci="0" mb="0" cb="0"/><line nr="235" mi="1" ci="0" mb="0" cb="0"/><counter type="INSTRUCTION" missed="258" covered="165"/><counter type="BRANCH" missed="36" covered="12"/><counter type="LINE" missed="48" covered="49"/><counter type="COMPLEXITY" missed="24" covered="7"/><counter type="METHOD" missed="0" covered="7"/><counter type="CLASS" missed="0" covered="1"/></sourcefile><counter type="INSTRUCTION" missed="258" covered="165"/><counter type="BRANCH" missed="36" covered="12"/><counter type="LINE" missed="48" covered="49"/><counter type="COMPLEXITY" missed="24" covered="7"/><counter type="METHOD" missed="0" covered="7"/><counter type="CLASS" missed="0" covered="1"/></package><package name="org/apache/fulcrum/security/memory"><class name="org/apache/fulcrum/security/memory/MemoryHelper" sourcefilename="MemoryHelper.java"><method name="&lt;init&gt;" desc="()V" line="34"><counter type="INSTRUCTION" missed="3" covered="0"/><counter type="LINE" missed="1" covered="0"/><counter type="COMPLEXITY" missed="1" covered="0"/><counter type="METHOD" missed="1" covered="0"/></method><method name="getUniqueId" desc="()Ljava/lang/Integer;" line="42"><counter type="INSTRUCTION" missed="0" covered="9"/><counter type="LINE" missed="0" covered="1"/><counter type="COMPLEXITY" missed="0" covered="1"/><counter type="METHOD" missed="0" covered="1"/></method><method name="checkExists" desc="(Ljava/util/List;Ljava/lang/String;)Z" line="52"><counter type="INSTRUCTION" missed="0" covered="22"/><counter type="BRANCH" missed="0" covered="4"/><counter type="LINE" missed="0" covered="6"/><counter type="COMPLEXITY" missed="0" covered="3"/><counter type="METHOD" missed="0" covered="1"/></method><method name="&lt;clinit&gt;" desc="()V" line="38"><counter type="INSTRUCTION" missed="0" covered="3"/><counter type="LINE" missed="0" covered="1"/><counter type="COMPLEXITY" missed="0" covered="1"/><counter type="METHOD" missed="0" covered="1"/></method><counter type="INSTRUCTION" missed="3" covered="34"/><counter type="BRANCH" missed="0" covered="4"/><counter type="LINE" missed="1" covered="8"/><counter type="COMPLEXITY" missed="1" covered="5"/><counter type="METHOD" missed="1" covered="3"/><counter type="CLASS" missed="0" covered="1"/></class><class name="org/apache/fulcrum/security/memory/MemoryPermissionManagerImpl" sourcefilename="MemoryPermissionManagerImpl.java"><method name="&lt;init&gt;" desc="()V" line="44"><counter type="INSTRUCTION" missed="0" covered="5"/><counter type="LINE" missed="0" covered="3"/><counter type="COMPLEXITY" missed="0" covered="1"/><counter type="METHOD" missed="0" covered="1"/></method><method name="getAllPermissions" desc="()Lorg/apache/fulcrum/security/util/PermissionSet;" line="60"><counter type="INSTRUCTION" missed="0" covered="5"/><counter type="LINE" missed="0" covered="1"/><counter type="COMPLEXITY" missed="0" covered="1"/><counter type="METHOD" missed="0" covered="1"/></method><method name="renamePermission" desc="(Lorg/apache/fulcrum/security/entity/Permission;Ljava/lang/String;)V" line="77"><counter type="INSTRUCTION" missed="22" covered="20"/><counter type="BRANCH" missed="1" covered="1"/><counter type="LINE" missed="4" covered="7"/><counter type="COMPLEXITY" missed="1" covered="1"/><counter type="METHOD" missed="0" covered="1"/></method><method name="checkExists" desc="(Ljava/lang/String;)Z" line="108"><counter type="INSTRUCTION" missed="0" covered="4"/><counter type="LINE" missed="0" covered="1"/><counter type="COMPLEXITY" missed="0" covered="1"/><counter type="METHOD" missed="0" covered="1"/></method><method name="removePermission" desc="(Lorg/apache/fulcrum/security/entity/Permission;)V" line="123"><counter type="INSTRUCTION" missed="22" covered="13"/><counter type="BRANCH" missed="1" covered="1"/><counter type="LINE" missed="4" covered="5"/><counter type="COMPLEXITY" missed="1" covered="1"/><counter type="METHOD" missed="0" covered="1"/></method><method name="persistNewPermission" desc="(Lorg/apache/fulcrum/security/entity/Permission;)Lorg/apache/fulcrum/security/entity/Permission;" line="153"><counter type="INSTRUCTION" missed="0" covered="9"/><counter type="LINE" missed="0" covered="3"/><counter type="COMPLEXITY" missed="0" covered="1"/><counter type="METHOD" missed="0" covered="1"/></method><method name="&lt;clinit&gt;" desc="()V" line="42"><counter type="INSTRUCTION" missed="0" covered="5"/><counter type="LINE" missed="0" covered="1"/><counter type="COMPLEXITY" missed="0" covered="1"/><counter type="METHOD" missed="0" covered="1"/></method><counter type="INSTRUCTION" missed="44" covered="61"/><counter type="BRANCH" missed="2" covered="2"/><counter type="LINE" missed="8" covered="21"/><counter type="COMPLEXITY" missed="2" covered="7"/><counter type="METHOD" missed="0" covered="7"/><counter type="CLASS" missed="0" covered="1"/></class><class name="org/apache/fulcrum/security/memory/MemoryRoleManagerImpl" sourcefilename="MemoryRoleManagerImpl.java"><method name="&lt;init&gt;" desc="()V" line="44"><counter type="INSTRUCTION" missed="0" covered="5"/><counter type="LINE" missed="0" covered="3"/><counter type="COMPLEXITY" missed="0" covered="1"/><counter type="METHOD" missed="0" covered="1"/></method><method name="renameRole" desc="(Lorg/apache/fulcrum/security/entity/Role;Ljava/lang/String;)V" line="66"><counter type="INSTRUCTION" missed="22" covered="20"/><counter type="BRANCH" missed="1" covered="1"/><counter type="LINE" missed="4" covered="7"/><counter type="COMPLEXITY" missed="1" covered="1"/><counter type="METHOD" missed="0" covered="1"/></method><method name="checkExists" desc="(Ljava/lang/String;)Z" line="95"><counter type="INSTRUCTION" missed="0" covered="4"/><counter type="LINE" missed="0" covered="1"/><counter type="COMPLEXITY" missed="0" covered="1"/><counter type="METHOD" missed="0" covered="1"/></method><method name="getAllRoles" desc="()Lorg/apache/fulcrum/security/util/RoleSet;" line="107"><counter type="INSTRUCTION" missed="0" covered="5"/><counter type="LINE" missed="0" covered="1"/><counter type="COMPLEXITY" missed="0" covered="1"/><counter type="METHOD" missed="0" covered="1"/></method><method name="persistNewRole" desc="(Lorg/apache/fulcrum/security/entity/Role;)Lorg/apache/fulcrum/security/entity/Role;" line="122"><counter type="INSTRUCTION" missed="0" covered="14"/><counter type="LINE" missed="0" covered="4"/><counter type="COMPLEXITY" missed="0" covered="1"/><counter type="METHOD" missed="0" covered="1"/></method><method name="removeRole" desc="(Lorg/apache/fulcrum/security/entity/Role;)V" line="142"><counter type="INSTRUCTION" missed="22" covered="18"/><counter type="BRANCH" missed="1" covered="1"/><counter type="LINE" missed="4" covered="6"/><counter type="COMPLEXITY" missed="1" covered="1"/><counter type="METHOD" missed="0" covered="1"/></method><method name="&lt;clinit&gt;" desc="()V" line="42"><counter type="INSTRUCTION" missed="0" covered="5"/><counter type="LINE" missed="0" covered="1"/><counter type="COMPLEXITY" missed="0" covered="1"/><counter type="METHOD" missed="0" covered="1"/></method><counter type="INSTRUCTION" missed="44" covered="71"/><counter type="BRANCH" missed="2" covered="2"/><counter type="LINE" missed="8" covered="23"/><counter type="COMPLEXITY" missed="2" covered="7"/><counter type="METHOD" missed="0" covered="7"/><counter type="CLASS" missed="0" covered="1"/></class><class name="org/apache/fulcrum/security/memory/MemoryUserManagerImpl" sourcefilename="MemoryUserManagerImpl.java"><method name="&lt;init&gt;" desc="()V" line="43"><counter type="INSTRUCTION" missed="0" covered="5"/><counter type="LINE" missed="0" covered="3"/><counter type="COMPLEXITY" missed="0" covered="1"/><counter type="METHOD" missed="0" covered="1"/></method><method name="checkExists" desc="(Ljava/lang/String;)Z" line="62"><counter type="INSTRUCTION" missed="0" covered="4"/><counter type="LINE" missed="0" covered="1"/><counter type="COMPLEXITY" missed="0" covered="1"/><counter type="METHOD" missed="0" covered="1"/></method><method name="getAllUsers" desc="()Lorg/apache/fulcrum/security/util/UserSet;" line="73"><counter type="INSTRUCTION" missed="0" covered="5"/><counter type="LINE" missed="0" covered="1"/><counter type="COMPLEXITY" missed="0" covered="1"/><counter type="METHOD" missed="0" covered="1"/></method><method name="removeUser" desc="(Lorg/apache/fulcrum/security/entity/User;)V" line="85"><counter type="INSTRUCTION" missed="5" covered="0"/><counter type="LINE" missed="2" covered="0"/><counter type="COMPLEXITY" missed="1" covered="0"/><counter type="METHOD" missed="1" covered="0"/></method><method name="persistNewUser" desc="(Lorg/apache/fulcrum/security/entity/User;)Lorg/apache/fulcrum/security/entity/User;" line="97"><counter type="INSTRUCTION" missed="0" covered="13"/><counter type="LINE" missed="0" covered="4"/><counter type="COMPLEXITY" missed="0" covered="1"/><counter type="METHOD" missed="0" covered="1"/></method><method name="saveUser" desc="(Lorg/apache/fulcrum/security/entity/User;)V" line="112"><counter type="INSTRUCTION" missed="14" covered="18"/><counter type="BRANCH" missed="1" covered="1"/><counter type="LINE" missed="1" covered="6"/><counter type="COMPLEXITY" missed="1" covered="1"/><counter type="METHOD" missed="0" covered="1"/></method><method name="&lt;clinit&gt;" desc="()V" line="41"><counter type="INSTRUCTION" missed="0" covered="5"/><counter type="LINE" missed="0" covered="1"/><counter type="COMPLEXITY" missed="0" covered="1"/><counter type="METHOD" missed="0" covered="1"/></method><counter type="INSTRUCTION" missed="19" covered="50"/><counter type="BRANCH" missed="1" covered="1"/><counter type="LINE" missed="3" covered="16"/><counter type="COMPLEXITY" missed="2" covered="6"/><counter type="METHOD" missed="1" covered="6"/><counter type="CLASS" missed="0" covered="1"/></class><class name="org/apache/fulcrum/security/memory/MemoryGroupManagerImpl" sourcefilename="MemoryGroupManagerImpl.java"><method name="&lt;init&gt;" desc="()V" line="43"><counter type="INSTRUCTION" missed="0" covered="7"/><counter type="LINE" missed="0" covered="3"/><counter type="COMPLEXITY" missed="0" covered="1"/><counter type="METHOD" missed="0" covered="1"/></method><method name="getAllGroups" desc="()Lorg/apache/fulcrum/security/util/GroupSet;" line="60"><counter type="INSTRUCTION" missed="0" covered="5"/><counter type="LINE" missed="0" covered="1"/><counter type="COMPLEXITY" missed="0" covered="1"/><counter type="METHOD" missed="0" covered="1"/></method><method name="removeGroup" desc="(Lorg/apache/fulcrum/security/entity/Group;)V" line="75"><counter type="INSTRUCTION" missed="26" covered="13"/><counter type="BRANCH" missed="1" covered="1"/><counter type="LINE" missed="4" covered="5"/><counter type="COMPLEXITY" missed="1" covered="1"/><counter type="METHOD" missed="0" covered="1"/></method><method name="renameGroup" desc="(Lorg/apache/fulcrum/security/entity/Group;Ljava/lang/String;)V" line="110"><counter type="INSTRUCTION" missed="21" covered="22"/><counter type="BRANCH" missed="1" covered="1"/><counter type="LINE" missed="3" covered="8"/><counter type="COMPLEXITY" missed="1" covered="1"/><counter type="METHOD" missed="0" covered="1"/></method><method name="checkExists" desc="(Ljava/lang/String;)Z" line="142"><counter type="INSTRUCTION" missed="0" covered="4"/><counter type="LINE" missed="0" covered="1"/><counter type="COMPLEXITY" missed="0" covered="1"/><counter type="METHOD" missed="0" covered="1"/></method><method name="persistNewGroup" desc="(Lorg/apache/fulcrum/security/entity/Group;)Lorg/apache/fulcrum/security/entity/Group;" line="157"><counter type="INSTRUCTION" missed="0" covered="9"/><counter type="LINE" missed="0" covered="3"/><counter type="COMPLEXITY" missed="0" covered="1"/><counter type="METHOD" missed="0" covered="1"/></method><method name="&lt;clinit&gt;" desc="()V" line="41"><counter type="INSTRUCTION" missed="0" covered="5"/><counter type="LINE" missed="0" covered="1"/><counter type="COMPLEXITY" missed="0" covered="1"/><counter type="METHOD" missed="0" covered="1"/></method><counter type="INSTRUCTION" missed="47" covered="65"/><counter type="BRANCH" missed="2" covered="2"/><counter type="LINE" missed="7" covered="22"/><counter type="COMPLEXITY" missed="2" covered="7"/><counter type="METHOD" missed="0" covered="7"/><counter type="CLASS" missed="0" covered="1"/></class><sourcefile name="MemoryHelper.java"><line nr="34" mi="3" ci="0" mb="0" cb="0"/><line nr="38" mi="0" ci="3" mb="0" cb="0"/><line nr="42" mi="0" ci="9" mb="0" cb="0"/><line nr="52" mi="0" ci="2" mb="0" cb="0"/><line nr="53" mi="0" ci="10" mb="0" cb="2"/><line nr="55" mi="0" ci="5" mb="0" cb="2"/><line nr="57" mi="0" ci="2" mb="0" cb="0"/><line nr="59" mi="0" ci="1" mb="0" cb="0"/><line nr="60" mi="0" ci="2" mb="0" cb="0"/><counter type="INSTRUCTION" missed="3" covered="34"/><counter type="BRANCH" missed="0" covered="4"/><counter type="LINE" missed="1" covered="8"/><counter type="COMPLEXITY" missed="1" covered="5"/><counter type="METHOD" missed="1" covered="3"/><counter type="CLASS" missed="0" covered="1"/></sourcefile><sourcefile name="MemoryRoleManagerImpl.java"><line nr="42" mi="0" ci="5" mb="0" cb="0"/><line nr="44" mi="0" ci="2" mb="0" cb="0"/><line nr="46" mi="0" ci="2" mb="0" cb="0"/><line nr="47" mi="0" ci="1" mb="0" cb="0"/><line nr="66" mi="0" ci="2" mb="0" cb="0"/><line nr="69" mi="0" ci="4" mb="0" cb="0"/><line nr="70" mi="0" ci="2" mb="1" cb="1"/><line nr="72" mi="0" ci="4" mb="0" cb="0"/><line nr="73" mi="0" ci="3" mb="0" cb="0"/><line nr="74" mi="0" ci="4" mb="0" cb="0"/><line nr="75" mi="0" ci="1" mb="0" cb="0"/><line nr="78" mi="1" ci="0" mb="0" cb="0"/><line nr="80" mi="6" ci="0" mb="0" cb="0"/><line nr="81" mi="1" ci="0" mb="0" cb="0"/><line nr="83" mi="14" ci="0" mb="0" cb="0"/><line nr="95" mi="0" ci="4" mb="0" cb="0"/><line nr="107" mi="0" ci="5" mb="0" cb="0"/><line nr="122" mi="0" ci="3" mb="0" cb="0"/><line nr="123" mi="0" ci="4" mb="0" cb="0"/><line nr="125" mi="0" ci="5" mb="0" cb="0"/><line nr="127" mi="0" ci="2" mb="0" cb="0"/><line nr="142" mi="0" ci="2" mb="0" cb="0"/><line nr="145" mi="0" ci="4" mb="0" cb="0"/><line nr="146" mi="0" ci="2" mb="1" cb="1"/><line nr="148" mi="0" ci="4" mb="0" cb="0"/><line nr="149" mi="0" ci="5" mb="0" cb="0"/><line nr="150" mi="0" ci="1" mb="0" cb="0"/><line nr="153" mi="1" ci="0" mb="0" cb="0"/><line nr="155" mi="6" ci="0" mb="0" cb="0"/><line nr="156" mi="1" ci="0" mb="0" cb="0"/><line nr="158" mi="14" ci="0" mb="0" cb="0"/><counter type="INSTRUCTION" missed="44" covered="71"/><counter type="BRANCH" missed="2" covered="2"/><counter type="LINE" missed="8" covered="23"/><counter type="COMPLEXITY" missed="2" covered="7"/><counter type="METHOD" missed="0" covered="7"/><counter type="CLASS" missed="0" covered="1"/></sourcefile><sourcefile name="MemoryGroupManagerImpl.java"><line nr="41" mi="0" ci="5" mb="0" cb="0"/><line nr="43" mi="0" ci="2" mb="0" cb="0"/><line nr="45" mi="0" ci="4" mb="0" cb="0"/><line nr="46" mi="0" ci="1" mb="0" cb="0"/><line nr="60" mi="0" ci="5" mb="0" cb="0"/><line nr="75" mi="0" ci="2" mb="0" cb="0"/><line nr="78" mi="0" ci="4" mb="0" cb="0"/><line nr="79" mi="0" ci="2" mb="1" cb="1"/><line nr="81" mi="0" ci="4" mb="0" cb="0"/><line nr="82" mi="0" ci="1" mb="0" cb="0"/><line nr="86" mi="14" ci="0" mb="0" cb="0"/><line nr="89" mi="1" ci="0" mb="0" cb="0"/><line nr="91" mi="5" ci="0" mb="0" cb="0"/><line nr="92" mi="6" ci="0" mb="0" cb="0"/><line nr="110" mi="0" ci="2" mb="0" cb="0"/><line nr="113" mi="0" ci="4" mb="0" cb="0"/><line nr="114" mi="0" ci="2" mb="1" cb="1"/><line nr="116" mi="0" ci="4" mb="0" cb="0"/><line nr="117" mi="0" ci="3" mb="0" cb="0"/><line nr="118" mi="0" ci="5" mb="0" cb="0"/><line nr="122" mi="14" ci="0" mb="0" cb="0"/><line nr="125" mi="1" ci="0" mb="0" cb="0"/><line nr="127" mi="6" ci="0" mb="0" cb="0"/><line nr="128" mi="0" ci="1" mb="0" cb="0"/><line nr="129" mi="0" ci="1" mb="0" cb="0"/><line nr="142" mi="0" ci="4" mb="0" cb="0"/><line nr="157" mi="0" ci="3" mb="0" cb="0"/><line nr="158" mi="0" ci="4" mb="0" cb="0"/><line nr="160" mi="0" ci="2" mb="0" cb="0"/><counter type="INSTRUCTION" missed="47" covered="65"/><counter type="BRANCH" missed="2" covered="2"/><counter type="LINE" missed="7" covered="22"/><counter type="COMPLEXITY" missed="2" covered="7"/><counter type="METHOD" missed="0" covered="7"/><counter type="CLASS" missed="0" covered="1"/></sourcefile><sourcefile name="MemoryUserManagerImpl.java"><line nr="41" mi="0" ci="5" mb="0" cb="0"/><line nr="43" mi="0" ci="2" mb="0" cb="0"/><line nr="45" mi="0" ci="2" mb="0" cb="0"/><line nr="46" mi="0" ci="1" mb="0" cb="0"/><line nr="62" mi="0" ci="4" mb="0" cb="0"/><line nr="73" mi="0" ci="5" mb="0" cb="0"/><line nr="85" mi="4" ci="0" mb="0" cb="0"/><line nr="86" mi="1" ci="0" mb="0" cb="0"/><line nr="97" mi="0" ci="4" mb="0" cb="0"/><line nr="98" mi="0" ci="3" mb="0" cb="0"/><line nr="99" mi="0" ci="4" mb="0" cb="0"/><line nr="100" mi="0" ci="2" mb="0" cb="0"/><line nr="112" mi="0" ci="2" mb="0" cb="0"/><line nr="113" mi="0" ci="4" mb="0" cb="0"/><line nr="114" mi="0" ci="2" mb="1" cb="1"/><line nr="115" mi="0" ci="4" mb="0" cb="0"/><line nr="116" mi="0" ci="5" mb="0" cb="0"/><line nr="118" mi="14" ci="0" mb="0" cb="0"/><line nr="120" mi="0" ci="1" mb="0" cb="0"/><counter type="INSTRUCTION" missed="19" covered="50"/><counter type="BRANCH" missed="1" covered="1"/><counter type="LINE" missed="3" covered="16"/><counter type="COMPLEXITY" missed="2" covered="6"/><counter type="METHOD" missed="1" covered="6"/><counter type="CLASS" missed="0" covered="1"/></sourcefile><sourcefile name="MemoryPermissionManagerImpl.java"><line nr="42" mi="0" ci="5" mb="0" cb="0"/><line nr="44" mi="0" ci="2" mb="0" cb="0"/><line nr="45" mi="0" ci="2" mb="0" cb="0"/><line nr="46" mi="0" ci="1" mb="0" cb="0"/><line nr="60" mi="0" ci="5" mb="0" cb="0"/><line nr="77" mi="0" ci="2" mb="0" cb="0"/><line nr="80" mi="0" ci="4" mb="0" cb="0"/><line nr="81" mi="0" ci="2" mb="1" cb="1"/><line nr="83" mi="0" ci="4" mb="0" cb="0"/><line nr="84" mi="0" ci="3" mb="0" cb="0"/><line nr="85" mi="0" ci="4" mb="0" cb="0"/><line nr="86" mi="0" ci="1" mb="0" cb="0"/><line nr="89" mi="1" ci="0" mb="0" cb="0"/><line nr="91" mi="6" ci="0" mb="0" cb="0"/><line nr="92" mi="1" ci="0" mb="0" cb="0"/><line nr="94" mi="14" ci="0" mb="0" cb="0"/><line nr="108" mi="0" ci="4" mb="0" cb="0"/><line nr="123" mi="0" ci="2" mb="0" cb="0"/><line nr="126" mi="0" ci="4" mb="0" cb="0"/><line nr="127" mi="0" ci="2" mb="1" cb="1"/><line nr="129" mi="0" ci="4" mb="0" cb="0"/><line nr="130" mi="0" ci="1" mb="0" cb="0"/><line nr="133" mi="1" ci="0" mb="0" cb="0"/><line nr="135" mi="6" ci="0" mb="0" cb="0"/><line nr="136" mi="1" ci="0" mb="0" cb="0"/><line nr="138" mi="14" ci="0" mb="0" cb="0"/><line nr="153" mi="0" ci="3" mb="0" cb="0"/><line nr="154" mi="0" ci="4" mb="0" cb="0"/><line nr="155" mi="0" ci="2" mb="0" cb="0"/><counter type="INSTRUCTION" missed="44" covered="61"/><counter type="BRANCH" missed="2" covered="2"/><counter type="LINE" missed="8" covered="21"/><counter type="COMPLEXITY" missed="2" covered="7"/><counter type="METHOD" missed="0" covered="7"/><counter type="CLASS" missed="0" covered="1"/></sourcefile><counter type="INSTRUCTION" missed="157" covered="281"/><counter type="BRANCH" missed="7" covered="11"/><counter type="LINE" missed="27" covered="90"/><counter type="COMPLEXITY" missed="9" covered="32"/><counter type="METHOD" missed="2" covered="30"/><counter type="CLASS" missed="0" covered="5"/></package><counter type="INSTRUCTION" missed="783" covered="737"/><counter type="BRANCH" missed="97" covered="45"/><counter type="LINE" missed="147" covered="218"/><counter type="COMPLEXITY" missed="72" covered="51"/><counter type="METHOD" missed="4" covered="48"/><counter type="CLASS" missed="0" covered="9"/></report>