GROUP,PACKAGE,CLASS,INSTRUCTION_MISSED,INSTRUCTION_COVERED,BRANCH_MISSED,BRANCH_COVERED,LINE_MISSED,LINE_COVERED,COMPLEXITY_MISSED,COMPLEXITY_COVERED,METHOD_MISSED,METHOD_COVERED
Fulcrum Security Memory Impl,org.apache.fulcrum.security.memory.basic,MemoryModelManagerImpl,117,90,13,7,20,25,9,5,0,4
Fulcrum Security Memory Impl,org.apache.fulcrum.security.memory.turbine,MemoryTurbineUserManagerImpl,39,3,6,0,14,1,5,1,2,1
Fulcrum Security Memory Impl,org.apache.fulcrum.security.memory.turbine,MemoryTurbineModelManagerImpl,212,198,35,15,38,53,25,6,0,6
Fulcrum Security Memory Impl,org.apache.fulcrum.security.memory.dynamic,MemoryModelManagerImpl,258,165,36,12,48,49,24,7,0,7
Fulcrum Security Memory Impl,org.apache.fulcrum.security.memory,MemoryHelper,3,34,0,4,1,8,1,5,1,3
Fulcrum Security Memory Impl,org.apache.fulcrum.security.memory,MemoryPermissionManagerImpl,44,61,2,2,8,21,2,7,0,7
Fulcrum Security Memory Impl,org.apache.fulcrum.security.memory,MemoryRoleManagerImpl,44,71,2,2,8,23,2,7,0,7
Fulcrum Security Memory Impl,org.apache.fulcrum.security.memory,MemoryUserManagerImpl,19,50,1,1,3,16,2,6,1,6
Fulcrum Security Memory Impl,org.apache.fulcrum.security.memory,MemoryGroupManagerImpl,47,65,2,2,7,22,2,7,0,7
